<?xml version="1.0" encoding="UTF-8"?>
<!-- Generated by org.testng.reporters.JUnitXMLReporter -->
<testsuite ignored="0" hostname="LAPTOP-VR92I9TB" failures="1" tests="5" name="Test" time="40.569" errors="0" timestamp="2026-05-16T11:52:45 IST">
  <testcase classname="testCases.TC001_AccountRegistrationTest" name="verify_account_registration" time="3.363"/>
  <testcase classname="testCases.TC002_LoginTest" name="verify_login" time="2.027"/>
  <testcase classname="testCases.TC003_LoginDDT" name="verify_loginDDT" time="10.61">
    <failure type="java.lang.AssertionError" message="expected [true] but found [false]">
      <![CDATA[java.lang.AssertionError: expected [true] but found [false]
at testCases.TC003_LoginDDT.verify_loginDDT(TC003_LoginDDT.java:55)
at java.base/java.util.ArrayList.forEach(ArrayList.java:1511)
... Removed 35 stack frames]]>
    </failure>
  </testcase> <!-- verify_loginDDT -->
  <testcase classname="testCases.TC003_LoginDDT" name="verify_loginDDT" time="12.892"/>
  <testcase classname="testCases.TC003_LoginDDT" name="verify_loginDDT" time="3.245"/>
</testsuite> <!-- Test -->
